{"/Users/sandeeppasunuri/workspace/next-apollo-demo/client/app/apollo-client/index.ts": {"path":"/Users/sandeeppasunuri/workspace/next-apollo-demo/client/app/apollo-client/index.ts","statementMap":{"0":{"start":{"line":1,"column":0},"end":{"line":1,"column":46}},"1":{"start":{"line":2,"column":0},"end":{"line":2,"column":28}},"2":{"start":{"line":3,"column":15},"end":{"line":6,"column":2}},"3":{"start":{"line":8,"column":0},"end":{"line":8,"column":22}}},"fnMap":{},"branchMap":{},"s":{"0":0,"1":0,"2":0,"3":0},"f":{},"b":{}}
,"/Users/sandeeppasunuri/workspace/next-apollo-demo/client/app/apollo-client/cache/index.ts": {"path":"/Users/sandeeppasunuri/workspace/next-apollo-demo/client/app/apollo-client/cache/index.ts","statementMap":{"0":{"start":{"line":1,"column":0},"end":{"line":1,"column":47}},"1":{"start":{"line":2,"column":0},"end":{"line":2,"column":43}},"2":{"start":{"line":4,"column":0},"end":{"line":6,"column":3}}},"fnMap":{},"branchMap":{},"s":{"0":0,"1":0,"2":0},"f":{},"b":{}}
,"/Users/sandeeppasunuri/workspace/next-apollo-demo/client/app/apollo-client/cache/type-policies/index.ts": {"path":"/Users/sandeeppasunuri/workspace/next-apollo-demo/client/app/apollo-client/cache/type-policies/index.ts","statementMap":{"0":{"start":{"line":1,"column":0},"end":{"line":1,"column":28}},"1":{"start":{"line":3,"column":0},"end":{"line":5,"column":2}}},"fnMap":{},"branchMap":{},"s":{"0":0,"1":0},"f":{},"b":{}}
,"/Users/sandeeppasunuri/workspace/next-apollo-demo/client/app/apollo-client/cache/type-policies/query/index.ts": {"path":"/Users/sandeeppasunuri/workspace/next-apollo-demo/client/app/apollo-client/cache/type-policies/query/index.ts","statementMap":{"0":{"start":{"line":1,"column":0},"end":{"line":1,"column":30}},"1":{"start":{"line":3,"column":0},"end":{"line":5,"column":2}}},"fnMap":{},"branchMap":{},"s":{"0":0,"1":0},"f":{},"b":{}}
,"/Users/sandeeppasunuri/workspace/next-apollo-demo/client/app/apollo-client/cache/type-policies/query/fields/index.ts": {"path":"/Users/sandeeppasunuri/workspace/next-apollo-demo/client/app/apollo-client/cache/type-policies/query/fields/index.ts","statementMap":{"0":{"start":{"line":1,"column":0},"end":{"line":1,"column":31}},"1":{"start":{"line":3,"column":0},"end":{"line":5,"column":2}}},"fnMap":{},"branchMap":{},"s":{"0":0,"1":0},"f":{},"b":{}}
,"/Users/sandeeppasunuri/workspace/next-apollo-demo/client/app/apollo-client/cache/type-policies/query/fields/user/index.ts": {"path":"/Users/sandeeppasunuri/workspace/next-apollo-demo/client/app/apollo-client/cache/type-policies/query/fields/user/index.ts","statementMap":{"0":{"start":{"line":1,"column":0},"end":{"line":1,"column":9}},"1":{"start":{"line":1,"column":9},"end":{"line":1,"column":25}}},"fnMap":{"0":{"name":"(anonymous_1)","decl":{"start":{"line":1,"column":9},"end":{"line":1,"column":16}},"loc":{"start":{"line":1,"column":9},"end":{"line":1,"column":25}}}},"branchMap":{},"s":{"0":0,"1":0},"f":{"0":0},"b":{}}
,"/Users/sandeeppasunuri/workspace/next-apollo-demo/client/app/apollo-client/cache/type-policies/query/fields/user/users.ts": {"path":"/Users/sandeeppasunuri/workspace/next-apollo-demo/client/app/apollo-client/cache/type-policies/query/fields/user/users.ts","statementMap":{"0":{"start":{"line":1,"column":0},"end":{"line":1,"column":65}},"1":{"start":{"line":4,"column":0},"end":{"line":18,"column":null}},"2":{"start":{"line":6,"column":47},"end":{"line":6,"column":null}},"3":{"start":{"line":8,"column":8},"end":{"line":16,"column":null}},"4":{"start":{"line":9,"column":12},"end":{"line":13,"column":null}},"5":{"start":{"line":17,"column":8},"end":{"line":17,"column":24}}},"fnMap":{"0":{"name":"(anonymous_3)","decl":{"start":{"line":6,"column":10},"end":{"line":6,"column":11}},"loc":{"start":{"line":6,"column":30},"end":{"line":6,"column":55}}},"1":{"name":"(anonymous_4)","decl":{"start":{"line":7,"column":11},"end":{"line":7,"column":12}},"loc":{"start":{"line":7,"column":52},"end":{"line":18,"column":5}}}},"branchMap":{"0":{"loc":{"start":{"line":8,"column":8},"end":{"line":16,"column":null}},"type":"if","locations":[{"start":{"line":8,"column":8},"end":{"line":16,"column":null}},{"start":{"line":8,"column":8},"end":{"line":16,"column":null}}]}},"s":{"0":0,"1":0,"2":0,"3":0,"4":0,"5":0},"f":{"0":0,"1":0},"b":{"0":[0,0]}}
,"/Users/sandeeppasunuri/workspace/next-apollo-demo/client/app/components/Name.js": {"path":"/Users/sandeeppasunuri/workspace/next-apollo-demo/client/app/components/Name.js","statementMap":{"0":{"start":{"line":3,"column":18},"end":{"line":7,"column":1}},"1":{"start":{"line":4,"column":2},"end":{"line":6,"column":9}},"2":{"start":{"line":9,"column":14},"end":{"line":13,"column":1}}},"fnMap":{"0":{"name":"(anonymous_0)","decl":{"start":{"line":3,"column":18},"end":{"line":3,"column":19}},"loc":{"start":{"line":4,"column":2},"end":{"line":6,"column":9}},"line":4}},"branchMap":{},"s":{"0":0,"1":0,"2":0},"f":{"0":0},"b":{}}
,"/Users/sandeeppasunuri/workspace/next-apollo-demo/client/app/components/elements/index.ts": {"path":"/Users/sandeeppasunuri/workspace/next-apollo-demo/client/app/components/elements/index.ts","statementMap":{"0":{"start":{"line":1,"column":0},"end":{"line":1,"column":9}},"1":{"start":{"line":1,"column":9},"end":{"line":1,"column":19}},"2":{"start":{"line":1,"column":19},"end":{"line":1,"column":29}},"3":{"start":{"line":1,"column":29},"end":{"line":1,"column":61}},"4":{"start":{"line":2,"column":0},"end":{"line":2,"column":9}},"5":{"start":{"line":2,"column":9},"end":{"line":2,"column":15}},"6":{"start":{"line":2,"column":15},"end":{"line":2,"column":20}},"7":{"start":{"line":2,"column":20},"end":{"line":2,"column":45}},"8":{"start":{"line":3,"column":0},"end":{"line":3,"column":9}},"9":{"start":{"line":3,"column":9},"end":{"line":3,"column":22}},"10":{"start":{"line":3,"column":22},"end":{"line":3,"column":30}},"11":{"start":{"line":3,"column":30},"end":{"line":3,"column":56}}},"fnMap":{"0":{"name":"(anonymous_0)","decl":{"start":{"line":1,"column":9},"end":{"line":1,"column":17}},"loc":{"start":{"line":1,"column":9},"end":{"line":1,"column":19}}},"1":{"name":"(anonymous_1)","decl":{"start":{"line":1,"column":19},"end":{"line":1,"column":27}},"loc":{"start":{"line":1,"column":19},"end":{"line":1,"column":29}}},"2":{"name":"(anonymous_2)","decl":{"start":{"line":1,"column":29},"end":{"line":1,"column":38}},"loc":{"start":{"line":1,"column":29},"end":{"line":1,"column":61}}},"3":{"name":"(anonymous_3)","decl":{"start":{"line":2,"column":9},"end":{"line":2,"column":13}},"loc":{"start":{"line":2,"column":9},"end":{"line":2,"column":15}}},"4":{"name":"(anonymous_4)","decl":{"start":{"line":2,"column":15},"end":{"line":2,"column":18}},"loc":{"start":{"line":2,"column":15},"end":{"line":2,"column":20}}},"5":{"name":"(anonymous_5)","decl":{"start":{"line":2,"column":20},"end":{"line":2,"column":26}},"loc":{"start":{"line":2,"column":20},"end":{"line":2,"column":45}}},"6":{"name":"(anonymous_6)","decl":{"start":{"line":3,"column":9},"end":{"line":3,"column":20}},"loc":{"start":{"line":3,"column":9},"end":{"line":3,"column":22}}},"7":{"name":"(anonymous_7)","decl":{"start":{"line":3,"column":22},"end":{"line":3,"column":28}},"loc":{"start":{"line":3,"column":22},"end":{"line":3,"column":30}}},"8":{"name":"(anonymous_8)","decl":{"start":{"line":3,"column":30},"end":{"line":3,"column":34}},"loc":{"start":{"line":3,"column":30},"end":{"line":3,"column":56}}}},"branchMap":{},"s":{"0":6,"1":10,"2":6,"3":6,"4":6,"5":6,"6":18,"7":14,"8":6,"9":6,"10":10,"11":10},"f":{"0":4,"1":0,"2":0,"3":0,"4":12,"5":8,"6":0,"7":4,"8":4},"b":{}}
,"/Users/sandeeppasunuri/workspace/next-apollo-demo/client/app/components/elements/layout/column.tsx": {"path":"/Users/sandeeppasunuri/workspace/next-apollo-demo/client/app/components/elements/layout/column.tsx","statementMap":{"0":{"start":{"line":1,"column":0},"end":{"line":1,"column":48}},"1":{"start":{"line":20,"column":15},"end":{"line":46,"column":null}},"2":{"start":{"line":24,"column":27},"end":{"line":24,"column":31}},"3":{"start":{"line":24,"column":31},"end":{"line":24,"column":37}},"4":{"start":{"line":24,"column":37},"end":{"line":24,"column":44}},"5":{"start":{"line":24,"column":49},"end":{"line":24,"column":51}},"6":{"start":{"line":24,"column":57},"end":{"line":24,"column":59}},"7":{"start":{"line":24,"column":64},"end":{"line":24,"column":66}},"8":{"start":{"line":24,"column":72},"end":{"line":24,"column":87}},"9":{"start":{"line":24,"column":92},"end":{"line":45,"column":null}},"10":{"start":{"line":49,"column":0},"end":{"line":49,"column":22}}},"fnMap":{"0":{"name":"(anonymous_7)","decl":{"start":{"line":24,"column":4},"end":{"line":24,"column":5}},"loc":{"start":{"line":24,"column":87},"end":{"line":24,"column":95}}}},"branchMap":{"0":{"loc":{"start":{"line":20,"column":25},"end":{"line":20,"column":null}},"type":"binary-expr","locations":[{"start":{"line":20,"column":25},"end":{"line":20,"column":null}},{"start":{"line":20,"column":25},"end":{"line":47,"column":2}}]},"1":{"loc":{"start":{"line":24,"column":40},"end":{"line":24,"column":42}},"type":"cond-expr","locations":[{"start":{"line":24,"column":40},"end":{"line":24,"column":42}},{"start":{"line":24,"column":42},"end":{"line":24,"column":44}}]},"2":{"loc":{"start":{"line":24,"column":95},"end":{"line":24,"column":null}},"type":"binary-expr","locations":[{"start":{"line":24,"column":95},"end":{"line":24,"column":null}},{"start":{"line":24,"column":95},"end":{"line":46,"column":null}}]},"3":{"loc":{"start":{"line":26,"column":6},"end":{"line":26,"column":11}},"type":"binary-expr","locations":[{"start":{"line":26,"column":6},"end":{"line":26,"column":11}},{"start":{"line":26,"column":15},"end":{"line":28,"column":null}}]},"4":{"loc":{"start":{"line":26,"column":18},"end":{"line":26,"column":null}},"type":"binary-expr","locations":[{"start":{"line":26,"column":18},"end":{"line":26,"column":null}},{"start":{"line":26,"column":18},"end":{"line":30,"column":null}}]},"5":{"loc":{"start":{"line":31,"column":6},"end":{"line":31,"column":12}},"type":"binary-expr","locations":[{"start":{"line":31,"column":6},"end":{"line":31,"column":12}},{"start":{"line":31,"column":16},"end":{"line":33,"column":null}}]},"6":{"loc":{"start":{"line":31,"column":19},"end":{"line":31,"column":null}},"type":"binary-expr","locations":[{"start":{"line":31,"column":19},"end":{"line":31,"column":null}},{"start":{"line":31,"column":19},"end":{"line":35,"column":null}}]},"7":{"loc":{"start":{"line":36,"column":6},"end":{"line":36,"column":11}},"type":"binary-expr","locations":[{"start":{"line":36,"column":6},"end":{"line":36,"column":11}},{"start":{"line":36,"column":15},"end":{"line":38,"column":null}}]},"8":{"loc":{"start":{"line":36,"column":18},"end":{"line":36,"column":null}},"type":"binary-expr","locations":[{"start":{"line":36,"column":18},"end":{"line":36,"column":null}},{"start":{"line":36,"column":18},"end":{"line":40,"column":null}}]},"9":{"loc":{"start":{"line":41,"column":6},"end":{"line":41,"column":12}},"type":"binary-expr","locations":[{"start":{"line":41,"column":6},"end":{"line":41,"column":12}},{"start":{"line":41,"column":16},"end":{"line":43,"column":null}}]},"10":{"loc":{"start":{"line":41,"column":19},"end":{"line":41,"column":null}},"type":"binary-expr","locations":[{"start":{"line":41,"column":19},"end":{"line":41,"column":null}},{"start":{"line":41,"column":19},"end":{"line":45,"column":null}}]}},"s":{"0":9,"1":9,"2":262,"3":262,"4":262,"5":262,"6":262,"7":262,"8":262,"9":262,"10":9},"f":{"0":262},"b":{"0":[9,9],"1":[135,127],"2":[262,7],"3":[262,1],"4":[1,1],"5":[262,65],"6":[65,5],"7":[262,1],"8":[1,1],"9":[262,1],"10":[1,1]}}
,"/Users/sandeeppasunuri/workspace/next-apollo-demo/client/app/components/elements/layout/grid.tsx": {"path":"/Users/sandeeppasunuri/workspace/next-apollo-demo/client/app/components/elements/layout/grid.tsx","statementMap":{"0":{"start":{"line":1,"column":0},"end":{"line":1,"column":48}},"1":{"start":{"line":22,"column":13},"end":{"line":41,"column":null}},"2":{"start":{"line":27,"column":7},"end":{"line":27,"column":16}},"3":{"start":{"line":27,"column":33},"end":{"line":27,"column":35}},"4":{"start":{"line":27,"column":46},"end":{"line":27,"column":48}},"5":{"start":{"line":27,"column":66},"end":{"line":39,"column":null}},"6":{"start":{"line":44,"column":0},"end":{"line":44,"column":20}}},"fnMap":{"0":{"name":"(anonymous_7)","decl":{"start":{"line":27,"column":4},"end":{"line":27,"column":5}},"loc":{"start":{"line":27,"column":61},"end":{"line":27,"column":69}}}},"branchMap":{"0":{"loc":{"start":{"line":22,"column":23},"end":{"line":22,"column":null}},"type":"binary-expr","locations":[{"start":{"line":22,"column":23},"end":{"line":22,"column":null}},{"start":{"line":22,"column":23},"end":{"line":42,"column":2}}]},"1":{"loc":{"start":{"line":27,"column":69},"end":{"line":27,"column":null}},"type":"binary-expr","locations":[{"start":{"line":27,"column":69},"end":{"line":27,"column":null}},{"start":{"line":27,"column":69},"end":{"line":41,"column":null}}]}},"s":{"0":9,"1":9,"2":1,"3":1,"4":1,"5":1,"6":9},"f":{"0":1},"b":{"0":[9,9],"1":[1,1]}}
,"/Users/sandeeppasunuri/workspace/next-apollo-demo/client/app/components/elements/layout/index.ts": {"path":"/Users/sandeeppasunuri/workspace/next-apollo-demo/client/app/components/elements/layout/index.ts","statementMap":{"0":{"start":{"line":1,"column":0},"end":{"line":1,"column":9}},"1":{"start":{"line":1,"column":9},"end":{"line":1,"column":24}},"2":{"start":{"line":2,"column":0},"end":{"line":2,"column":9}},"3":{"start":{"line":2,"column":9},"end":{"line":2,"column":23}},"4":{"start":{"line":3,"column":0},"end":{"line":3,"column":9}},"5":{"start":{"line":3,"column":9},"end":{"line":3,"column":26}}},"fnMap":{"0":{"name":"(anonymous_1)","decl":{"start":{"line":1,"column":9},"end":{"line":1,"column":16}},"loc":{"start":{"line":1,"column":9},"end":{"line":1,"column":24}}},"1":{"name":"(anonymous_2)","decl":{"start":{"line":2,"column":9},"end":{"line":2,"column":16}},"loc":{"start":{"line":2,"column":9},"end":{"line":2,"column":23}}},"2":{"name":"(anonymous_3)","decl":{"start":{"line":3,"column":9},"end":{"line":3,"column":16}},"loc":{"start":{"line":3,"column":9},"end":{"line":3,"column":26}}}},"branchMap":{},"s":{"0":9,"1":10,"2":9,"3":85,"4":9,"5":271},"f":{"0":1,"1":76,"2":262},"b":{}}
,"/Users/sandeeppasunuri/workspace/next-apollo-demo/client/app/components/elements/layout/row.tsx": {"path":"/Users/sandeeppasunuri/workspace/next-apollo-demo/client/app/components/elements/layout/row.tsx","statementMap":{"0":{"start":{"line":1,"column":0},"end":{"line":1,"column":39}},"1":{"start":{"line":3,"column":12},"end":{"line":8,"column":2}},"2":{"start":{"line":10,"column":0},"end":{"line":10,"column":19}}},"fnMap":{},"branchMap":{"0":{"loc":{"start":{"line":3,"column":22},"end":{"line":3,"column":null}},"type":"binary-expr","locations":[{"start":{"line":3,"column":22},"end":{"line":3,"column":null}},{"start":{"line":3,"column":22},"end":{"line":8,"column":2}}]}},"s":{"0":9,"1":9,"2":9},"f":{},"b":{"0":[9,9]}}
,"/Users/sandeeppasunuri/workspace/next-apollo-demo/client/app/components/elements/typography/heading-1.tsx": {"path":"/Users/sandeeppasunuri/workspace/next-apollo-demo/client/app/components/elements/typography/heading-1.tsx","statementMap":{"0":{"start":{"line":1,"column":0},"end":{"line":1,"column":39}},"1":{"start":{"line":3,"column":17},"end":{"line":9,"column":2}},"2":{"start":{"line":11,"column":0},"end":{"line":11,"column":24}}},"fnMap":{},"branchMap":{"0":{"loc":{"start":{"line":3,"column":26},"end":{"line":3,"column":null}},"type":"binary-expr","locations":[{"start":{"line":3,"column":26},"end":{"line":3,"column":null}},{"start":{"line":3,"column":26},"end":{"line":9,"column":2}}]}},"s":{"0":9,"1":9,"2":9},"f":{},"b":{"0":[9,9]}}
,"/Users/sandeeppasunuri/workspace/next-apollo-demo/client/app/components/elements/typography/heading-2.tsx": {"path":"/Users/sandeeppasunuri/workspace/next-apollo-demo/client/app/components/elements/typography/heading-2.tsx","statementMap":{"0":{"start":{"line":1,"column":0},"end":{"line":1,"column":39}},"1":{"start":{"line":3,"column":17},"end":{"line":9,"column":2}},"2":{"start":{"line":11,"column":0},"end":{"line":11,"column":24}}},"fnMap":{},"branchMap":{"0":{"loc":{"start":{"line":3,"column":26},"end":{"line":3,"column":null}},"type":"binary-expr","locations":[{"start":{"line":3,"column":26},"end":{"line":3,"column":null}},{"start":{"line":3,"column":26},"end":{"line":9,"column":2}}]}},"s":{"0":9,"1":9,"2":9},"f":{},"b":{"0":[9,9]}}
,"/Users/sandeeppasunuri/workspace/next-apollo-demo/client/app/components/elements/typography/index.ts": {"path":"/Users/sandeeppasunuri/workspace/next-apollo-demo/client/app/components/elements/typography/index.ts","statementMap":{"0":{"start":{"line":1,"column":0},"end":{"line":1,"column":9}},"1":{"start":{"line":1,"column":9},"end":{"line":1,"column":28}},"2":{"start":{"line":2,"column":0},"end":{"line":2,"column":9}},"3":{"start":{"line":2,"column":9},"end":{"line":2,"column":28}},"4":{"start":{"line":3,"column":0},"end":{"line":3,"column":9}},"5":{"start":{"line":3,"column":9},"end":{"line":3,"column":29}}},"fnMap":{"0":{"name":"(anonymous_1)","decl":{"start":{"line":1,"column":9},"end":{"line":1,"column":16}},"loc":{"start":{"line":1,"column":9},"end":{"line":1,"column":28}}},"1":{"name":"(anonymous_2)","decl":{"start":{"line":2,"column":9},"end":{"line":2,"column":16}},"loc":{"start":{"line":2,"column":9},"end":{"line":2,"column":28}}},"2":{"name":"(anonymous_3)","decl":{"start":{"line":3,"column":9},"end":{"line":3,"column":16}},"loc":{"start":{"line":3,"column":9},"end":{"line":3,"column":29}}}},"branchMap":{},"s":{"0":9,"1":14,"2":9,"3":73,"4":9,"5":325},"f":{"0":5,"1":64,"2":316},"b":{}}
,"/Users/sandeeppasunuri/workspace/next-apollo-demo/client/app/components/elements/typography/paragraph.tsx": {"path":"/Users/sandeeppasunuri/workspace/next-apollo-demo/client/app/components/elements/typography/paragraph.tsx","statementMap":{"0":{"start":{"line":1,"column":0},"end":{"line":1,"column":39}},"1":{"start":{"line":3,"column":17},"end":{"line":11,"column":2}},"2":{"start":{"line":13,"column":0},"end":{"line":13,"column":24}}},"fnMap":{},"branchMap":{"0":{"loc":{"start":{"line":3,"column":25},"end":{"line":3,"column":null}},"type":"binary-expr","locations":[{"start":{"line":3,"column":25},"end":{"line":3,"column":null}},{"start":{"line":3,"column":25},"end":{"line":11,"column":2}}]}},"s":{"0":9,"1":9,"2":9},"f":{},"b":{"0":[9,9]}}
,"/Users/sandeeppasunuri/workspace/next-apollo-demo/client/app/components/elements/utilities/button.tsx": {"path":"/Users/sandeeppasunuri/workspace/next-apollo-demo/client/app/components/elements/utilities/button.tsx","statementMap":{"0":{"start":{"line":1,"column":0},"end":{"line":1,"column":39}},"1":{"start":{"line":3,"column":15},"end":{"line":20,"column":2}},"2":{"start":{"line":22,"column":0},"end":{"line":22,"column":22}}},"fnMap":{},"branchMap":{"0":{"loc":{"start":{"line":3,"column":28},"end":{"line":3,"column":null}},"type":"binary-expr","locations":[{"start":{"line":3,"column":28},"end":{"line":3,"column":null}},{"start":{"line":3,"column":28},"end":{"line":20,"column":2}}]}},"s":{"0":9,"1":9,"2":9},"f":{},"b":{"0":[9,9]}}
,"/Users/sandeeppasunuri/workspace/next-apollo-demo/client/app/components/elements/utilities/contact-card.tsx": {"path":"/Users/sandeeppasunuri/workspace/next-apollo-demo/client/app/components/elements/utilities/contact-card.tsx","statementMap":{"0":{"start":{"line":1,"column":0},"end":{"line":1,"column":39}},"1":{"start":{"line":3,"column":17},"end":{"line":15,"column":2}},"2":{"start":{"line":17,"column":0},"end":{"line":17,"column":24}}},"fnMap":{},"branchMap":{"0":{"loc":{"start":{"line":3,"column":31},"end":{"line":3,"column":null}},"type":"binary-expr","locations":[{"start":{"line":3,"column":31},"end":{"line":3,"column":null}},{"start":{"line":3,"column":31},"end":{"line":15,"column":2}}]}},"s":{"0":9,"1":9,"2":9},"f":{},"b":{"0":[9,9]}}
,"/Users/sandeeppasunuri/workspace/next-apollo-demo/client/app/components/elements/utilities/index.ts": {"path":"/Users/sandeeppasunuri/workspace/next-apollo-demo/client/app/components/elements/utilities/index.ts","statementMap":{"0":{"start":{"line":1,"column":0},"end":{"line":1,"column":9}},"1":{"start":{"line":1,"column":9},"end":{"line":1,"column":31}},"2":{"start":{"line":2,"column":0},"end":{"line":2,"column":9}},"3":{"start":{"line":2,"column":9},"end":{"line":2,"column":26}},"4":{"start":{"line":3,"column":0},"end":{"line":3,"column":9}},"5":{"start":{"line":3,"column":9},"end":{"line":3,"column":24}}},"fnMap":{"0":{"name":"(anonymous_1)","decl":{"start":{"line":1,"column":9},"end":{"line":1,"column":16}},"loc":{"start":{"line":1,"column":9},"end":{"line":1,"column":31}}},"1":{"name":"(anonymous_2)","decl":{"start":{"line":2,"column":9},"end":{"line":2,"column":16}},"loc":{"start":{"line":2,"column":9},"end":{"line":2,"column":26}}},"2":{"name":"(anonymous_3)","decl":{"start":{"line":3,"column":9},"end":{"line":3,"column":16}},"loc":{"start":{"line":3,"column":9},"end":{"line":3,"column":24}}}},"branchMap":{},"s":{"0":9,"1":73,"2":9,"3":15,"4":9,"5":140},"f":{"0":64,"1":6,"2":131},"b":{}}
,"/Users/sandeeppasunuri/workspace/next-apollo-demo/client/app/components/elements/utilities/link.tsx": {"path":"/Users/sandeeppasunuri/workspace/next-apollo-demo/client/app/components/elements/utilities/link.tsx","statementMap":{"0":{"start":{"line":1,"column":0},"end":{"line":1,"column":39}},"1":{"start":{"line":3,"column":13},"end":{"line":14,"column":2}},"2":{"start":{"line":16,"column":0},"end":{"line":16,"column":20}}},"fnMap":{},"branchMap":{"0":{"loc":{"start":{"line":3,"column":21},"end":{"line":3,"column":null}},"type":"binary-expr","locations":[{"start":{"line":3,"column":21},"end":{"line":3,"column":null}},{"start":{"line":3,"column":21},"end":{"line":14,"column":2}}]}},"s":{"0":9,"1":9,"2":9},"f":{},"b":{"0":[9,9]}}
,"/Users/sandeeppasunuri/workspace/next-apollo-demo/client/app/components/modules/index.ts": {"path":"/Users/sandeeppasunuri/workspace/next-apollo-demo/client/app/components/modules/index.ts","statementMap":{"0":{"start":{"line":1,"column":0},"end":{"line":1,"column":9}},"1":{"start":{"line":1,"column":9},"end":{"line":1,"column":28}},"2":{"start":{"line":2,"column":0},"end":{"line":2,"column":9}},"3":{"start":{"line":2,"column":9},"end":{"line":2,"column":29}},"4":{"start":{"line":3,"column":0},"end":{"line":3,"column":9}},"5":{"start":{"line":3,"column":9},"end":{"line":3,"column":34}},"6":{"start":{"line":4,"column":0},"end":{"line":4,"column":9}},"7":{"start":{"line":4,"column":9},"end":{"line":4,"column":29}}},"fnMap":{"0":{"name":"(anonymous_1)","decl":{"start":{"line":1,"column":9},"end":{"line":1,"column":16}},"loc":{"start":{"line":1,"column":9},"end":{"line":1,"column":28}}},"1":{"name":"(anonymous_2)","decl":{"start":{"line":2,"column":9},"end":{"line":2,"column":16}},"loc":{"start":{"line":2,"column":9},"end":{"line":2,"column":29}}},"2":{"name":"(anonymous_3)","decl":{"start":{"line":3,"column":9},"end":{"line":3,"column":16}},"loc":{"start":{"line":3,"column":9},"end":{"line":3,"column":34}}},"3":{"name":"(anonymous_4)","decl":{"start":{"line":4,"column":9},"end":{"line":4,"column":16}},"loc":{"start":{"line":4,"column":9},"end":{"line":4,"column":29}}}},"branchMap":{},"s":{"0":6,"1":89,"2":6,"3":10,"4":6,"5":10,"6":6,"7":10},"f":{"0":83,"1":4,"2":4,"3":4},"b":{}}
,"/Users/sandeeppasunuri/workspace/next-apollo-demo/client/app/components/modules/load-more-button.tsx": {"path":"/Users/sandeeppasunuri/workspace/next-apollo-demo/client/app/components/modules/load-more-button.tsx","statementMap":{"0":{"start":{"line":1,"column":0},"end":{"line":1,"column":50}},"1":{"start":{"line":3,"column":23},"end":{"line":3,"column":null}},"2":{"start":{"line":3,"column":34},"end":{"line":3,"column":36}},"3":{"start":{"line":3,"column":41},"end":{"line":9,"column":2}},"4":{"start":{"line":11,"column":0},"end":{"line":11,"column":30}}},"fnMap":{"0":{"name":"(anonymous_2)","decl":{"start":{"line":3,"column":23},"end":{"line":3,"column":24}},"loc":{"start":{"line":3,"column":36},"end":{"line":3,"column":null}}}},"branchMap":{},"s":{"0":6,"1":6,"2":4,"3":4,"4":6},"f":{"0":4},"b":{}}
,"/Users/sandeeppasunuri/workspace/next-apollo-demo/client/app/components/modules/page-title.tsx": {"path":"/Users/sandeeppasunuri/workspace/next-apollo-demo/client/app/components/modules/page-title.tsx","statementMap":{"0":{"start":{"line":1,"column":0},"end":{"line":1,"column":46}},"1":{"start":{"line":2,"column":0},"end":{"line":2,"column":56}},"2":{"start":{"line":8,"column":18},"end":{"line":8,"column":null}},"3":{"start":{"line":8,"column":26},"end":{"line":8,"column":44}},"4":{"start":{"line":8,"column":49},"end":{"line":18,"column":2}},"5":{"start":{"line":20,"column":0},"end":{"line":20,"column":25}}},"fnMap":{"0":{"name":"(anonymous_3)","decl":{"start":{"line":8,"column":18},"end":{"line":8,"column":19}},"loc":{"start":{"line":8,"column":44},"end":{"line":8,"column":null}}}},"branchMap":{},"s":{"0":6,"1":6,"2":6,"3":4,"4":4,"5":6},"f":{"0":4},"b":{}}
,"/Users/sandeeppasunuri/workspace/next-apollo-demo/client/app/components/modules/user-card.tsx": {"path":"/Users/sandeeppasunuri/workspace/next-apollo-demo/client/app/components/modules/user-card.tsx","statementMap":{"0":{"start":{"line":1,"column":0},"end":{"line":1,"column":29}},"1":{"start":{"line":2,"column":0},"end":{"line":2,"column":61}},"2":{"start":{"line":3,"column":0},"end":{"line":3,"column":58}},"3":{"start":{"line":4,"column":0},"end":{"line":4,"column":49}},"4":{"start":{"line":19,"column":17},"end":{"line":46,"column":2}},"5":{"start":{"line":19,"column":25},"end":{"line":19,"column":33}},"6":{"start":{"line":19,"column":37},"end":{"line":19,"column":39}},"7":{"start":{"line":19,"column":44},"end":{"line":19,"column":46}},"8":{"start":{"line":19,"column":51},"end":{"line":19,"column":53}},"9":{"start":{"line":19,"column":60},"end":{"line":19,"column":61}},"10":{"start":{"line":19,"column":79},"end":{"line":46,"column":2}},"11":{"start":{"line":48,"column":0},"end":{"line":48,"column":null}}},"fnMap":{"0":{"name":"(anonymous_2)","decl":{"start":{"line":19,"column":22},"end":{"line":19,"column":23}},"loc":{"start":{"line":19,"column":74},"end":{"line":19,"column":null}}}},"branchMap":{},"s":{"0":6,"1":6,"2":6,"3":6,"4":6,"5":63,"6":63,"7":63,"8":63,"9":63,"10":63,"11":6},"f":{"0":63},"b":{}}
,"/Users/sandeeppasunuri/workspace/next-apollo-demo/client/app/components/modules/users-list.tsx": {"path":"/Users/sandeeppasunuri/workspace/next-apollo-demo/client/app/components/modules/users-list.tsx","statementMap":{"0":{"start":{"line":2,"column":0},"end":{"line":2,"column":34}},"1":{"start":{"line":3,"column":0},"end":{"line":3,"column":35}},"2":{"start":{"line":5,"column":18},"end":{"line":5,"column":null}},"3":{"start":{"line":5,"column":25},"end":{"line":5,"column":50}},"4":{"start":{"line":5,"column":55},"end":{"line":9,"column":2}},"5":{"start":{"line":7,"column":26},"end":{"line":7,"column":79}},"6":{"start":{"line":11,"column":0},"end":{"line":11,"column":25}}},"fnMap":{"0":{"name":"(anonymous_0)","decl":{"start":{"line":5,"column":18},"end":{"line":5,"column":19}},"loc":{"start":{"line":5,"column":50},"end":{"line":5,"column":null}}},"1":{"name":"(anonymous_1)","decl":{"start":{"line":7,"column":18},"end":{"line":7,"column":22}},"loc":{"start":{"line":7,"column":22},"end":{"line":7,"column":27}}}},"branchMap":{},"s":{"0":6,"1":6,"2":6,"3":4,"4":4,"5":82,"6":6},"f":{"0":4,"1":82},"b":{}}
,"/Users/sandeeppasunuri/workspace/next-apollo-demo/client/app/components/templates/index.ts": {"path":"/Users/sandeeppasunuri/workspace/next-apollo-demo/client/app/components/templates/index.ts","statementMap":{"0":{"start":{"line":1,"column":0},"end":{"line":1,"column":9}},"1":{"start":{"line":1,"column":9},"end":{"line":1,"column":35}},"2":{"start":{"line":2,"column":0},"end":{"line":2,"column":9}},"3":{"start":{"line":2,"column":9},"end":{"line":2,"column":43}}},"fnMap":{"0":{"name":"(anonymous_1)","decl":{"start":{"line":1,"column":9},"end":{"line":1,"column":16}},"loc":{"start":{"line":1,"column":9},"end":{"line":1,"column":35}}},"1":{"name":"(anonymous_2)","decl":{"start":{"line":2,"column":9},"end":{"line":2,"column":16}},"loc":{"start":{"line":2,"column":9},"end":{"line":2,"column":43}}}},"branchMap":{},"s":{"0":2,"1":3,"2":2,"3":3},"f":{"0":1,"1":1},"b":{}}
,"/Users/sandeeppasunuri/workspace/next-apollo-demo/client/app/components/templates/users-list-gql-pagination.tsx": {"path":"/Users/sandeeppasunuri/workspace/next-apollo-demo/client/app/components/templates/users-list-gql-pagination.tsx","statementMap":{"0":{"start":{"line":1,"column":0},"end":{"line":1,"column":54}},"1":{"start":{"line":3,"column":0},"end":{"line":3,"column":56}},"2":{"start":{"line":4,"column":0},"end":{"line":4,"column":55}},"3":{"start":{"line":5,"column":0},"end":{"line":5,"column":44}},"4":{"start":{"line":6,"column":0},"end":{"line":6,"column":66}},"5":{"start":{"line":9,"column":16},"end":{"line":15,"column":2}},"6":{"start":{"line":17,"column":32},"end":{"line":37,"column":1}},"7":{"start":{"line":20,"column":8},"end":{"line":20,"column":43}},"8":{"start":{"line":18,"column":15},"end":{"line":18,"column":17}},"9":{"start":{"line":18,"column":24},"end":{"line":18,"column":26}},"10":{"start":{"line":18,"column":31},"end":{"line":18,"column":33}},"11":{"start":{"line":18,"column":41},"end":{"line":18,"column":null}},"12":{"start":{"line":22,"column":26},"end":{"line":22,"column":51}},"13":{"start":{"line":22,"column":32},"end":{"line":22,"column":52}},"14":{"start":{"line":24,"column":4},"end":{"line":24,"column":40}},"15":{"start":{"line":24,"column":17},"end":{"line":24,"column":40}},"16":{"start":{"line":25,"column":4},"end":{"line":25,"column":50}},"17":{"start":{"line":25,"column":15},"end":{"line":25,"column":50}},"18":{"start":{"line":27,"column":20},"end":{"line":27,"column":63}},"19":{"start":{"line":28,"column":34},"end":{"line":28,"column":39}},"20":{"start":{"line":30,"column":4},"end":{"line":36,"column":6}},"21":{"start":{"line":39,"column":0},"end":{"line":39,"column":51}}},"fnMap":{"0":{"name":"(anonymous_1)","decl":{"start":{"line":17,"column":32},"end":{"line":17,"column":null}},"loc":{"start":{"line":17,"column":32},"end":{"line":37,"column":1}}},"1":{"name":"(anonymous_2)","decl":{"start":{"line":22,"column":26},"end":{"line":22,"column":32}},"loc":{"start":{"line":22,"column":26},"end":{"line":22,"column":51}}}},"branchMap":{"0":{"loc":{"start":{"line":24,"column":4},"end":{"line":24,"column":40}},"type":"if","locations":[{"start":{"line":24,"column":4},"end":{"line":24,"column":40}},{"start":{"line":24,"column":4},"end":{"line":24,"column":40}}]},"1":{"loc":{"start":{"line":25,"column":4},"end":{"line":25,"column":50}},"type":"if","locations":[{"start":{"line":25,"column":4},"end":{"line":25,"column":50}},{"start":{"line":25,"column":4},"end":{"line":25,"column":50}}]},"2":{"loc":{"start":{"line":34,"column":13},"end":{"line":34,"column":20}},"type":"binary-expr","locations":[{"start":{"line":34,"column":13},"end":{"line":34,"column":20}},{"start":{"line":34,"column":24},"end":{"line":34,"column":62}}]}},"s":{"0":2,"1":2,"2":2,"3":2,"4":2,"5":2,"6":2,"7":3,"8":2,"9":2,"10":2,"11":2,"12":2,"13":1,"14":2,"15":1,"16":1,"17":0,"18":1,"19":1,"20":1,"21":2},"f":{"0":3,"1":1},"b":{"0":[1,1],"1":[0,1],"2":[1,1]}}
,"/Users/sandeeppasunuri/workspace/next-apollo-demo/client/app/components/templates/users-list-loaded.tsx": {"path":"/Users/sandeeppasunuri/workspace/next-apollo-demo/client/app/components/templates/users-list-loaded.tsx","statementMap":{"0":{"start":{"line":1,"column":0},"end":{"line":1,"column":46}},"1":{"start":{"line":3,"column":0},"end":{"line":3,"column":44}},"2":{"start":{"line":4,"column":0},"end":{"line":4,"column":65}},"3":{"start":{"line":6,"column":24},"end":{"line":25,"column":1}},"4":{"start":{"line":6,"column":27},"end":{"line":6,"column":36}},"5":{"start":{"line":6,"column":42},"end":{"line":6,"column":44}},"6":{"start":{"line":6,"column":49},"end":{"line":6,"column":51}},"7":{"start":{"line":7,"column":28},"end":{"line":7,"column":70}},"8":{"start":{"line":7,"column":43},"end":{"line":7,"column":70}},"9":{"start":{"line":7,"column":15},"end":{"line":7,"column":17}},"10":{"start":{"line":7,"column":24},"end":{"line":7,"column":28}},"11":{"start":{"line":9,"column":20},"end":{"line":9,"column":39}},"12":{"start":{"line":11,"column":21},"end":{"line":16,"column":30}},"13":{"start":{"line":11,"column":39},"end":{"line":16,"column":6}},"14":{"start":{"line":12,"column":21},"end":{"line":15,"column":null}},"15":{"start":{"line":18,"column":4},"end":{"line":24,"column":6}},"16":{"start":{"line":27,"column":0},"end":{"line":27,"column":31}}},"fnMap":{"0":{"name":"(anonymous_1)","decl":{"start":{"line":6,"column":24},"end":{"line":6,"column":25}},"loc":{"start":{"line":6,"column":69},"end":{"line":25,"column":1}}},"1":{"name":"(anonymous_2)","decl":{"start":{"line":7,"column":37},"end":{"line":7,"column":43}},"loc":{"start":{"line":7,"column":37},"end":{"line":7,"column":49}}},"2":{"name":"(anonymous_3)","decl":{"start":{"line":11,"column":33},"end":{"line":11,"column":39}},"loc":{"start":{"line":11,"column":33},"end":{"line":11,"column":46}}},"3":{"name":"(anonymous_4)","decl":{"start":{"line":12,"column":8},"end":{"line":12,"column":17}},"loc":{"start":{"line":12,"column":17},"end":{"line":12,"column":null}}}},"branchMap":{"0":{"loc":{"start":{"line":22,"column":13},"end":{"line":22,"column":20}},"type":"binary-expr","locations":[{"start":{"line":22,"column":13},"end":{"line":22,"column":20}},{"start":{"line":22,"column":24},"end":{"line":22,"column":62}}]}},"s":{"0":2,"1":2,"2":2,"3":2,"4":2,"5":2,"6":2,"7":2,"8":1,"9":2,"10":2,"11":2,"12":2,"13":1,"14":1,"15":2,"16":2},"f":{"0":2,"1":1,"2":1,"3":1},"b":{"0":[2,2]}}
,"/Users/sandeeppasunuri/workspace/next-apollo-demo/client/app/constants/index.ts": {"path":"/Users/sandeeppasunuri/workspace/next-apollo-demo/client/app/constants/index.ts","statementMap":{"0":{"start":{"line":1,"column":13},"end":{"line":1,"column":28}}},"fnMap":{},"branchMap":{},"s":{"0":2},"f":{},"b":{}}
,"/Users/sandeeppasunuri/workspace/next-apollo-demo/client/app/global-style/index.ts": {"path":"/Users/sandeeppasunuri/workspace/next-apollo-demo/client/app/global-style/index.ts","statementMap":{"0":{"start":{"line":1,"column":0},"end":{"line":1,"column":54}},"1":{"start":{"line":2,"column":0},"end":{"line":2,"column":39}},"2":{"start":{"line":4,"column":13},"end":{"line":17,"column":null}}},"fnMap":{},"branchMap":{"0":{"loc":{"start":{"line":4,"column":44},"end":{"line":4,"column":null}},"type":"binary-expr","locations":[{"start":{"line":4,"column":44},"end":{"line":4,"column":null}},{"start":{"line":4,"column":44},"end":{"line":18,"column":2}}]}},"s":{"0":0,"1":0,"2":0},"f":{},"b":{"0":[0,0]}}
,"/Users/sandeeppasunuri/workspace/next-apollo-demo/client/app/global-style/spacing.ts": {"path":"/Users/sandeeppasunuri/workspace/next-apollo-demo/client/app/global-style/spacing.ts","statementMap":{"0":{"start":{"line":1,"column":19},"end":{"line":4,"column":2}},"1":{"start":{"line":5,"column":50},"end":{"line":12,"column":2}},"2":{"start":{"line":14,"column":23},"end":{"line":14,"column":24}},"3":{"start":{"line":15,"column":16},"end":{"line":22,"column":2}},"4":{"start":{"line":24,"column":25},"end":{"line":26,"column":10}},"5":{"start":{"line":26,"column":5},"end":{"line":28,"column":12}},"6":{"start":{"line":26,"column":25},"end":{"line":28,"column":2}},"7":{"start":{"line":30,"column":24},"end":{"line":32,"column":12}},"8":{"start":{"line":31,"column":16},"end":{"line":31,"column":18}},"9":{"start":{"line":31,"column":26},"end":{"line":31,"column":42}},"10":{"start":{"line":31,"column":52},"end":{"line":31,"column":54}},"11":{"start":{"line":31,"column":59},"end":{"line":31,"column":85}},"12":{"start":{"line":32,"column":5},"end":{"line":42,"column":16}},"13":{"start":{"line":33,"column":17},"end":{"line":33,"column":19}},"14":{"start":{"line":33,"column":24},"end":{"line":33,"column":25}},"15":{"start":{"line":33,"column":30},"end":{"line":42,"column":6}},"16":{"start":{"line":44,"column":23},"end":{"line":49,"column":null}},"17":{"start":{"line":46,"column":22},"end":{"line":48,"column":null}},"18":{"start":{"line":47,"column":27},"end":{"line":47,"column":null}},"19":{"start":{"line":52,"column":0},"end":{"line":52,"column":30}}},"fnMap":{"0":{"name":"(anonymous_0)","decl":{"start":{"line":24,"column":25},"end":{"line":24,"column":null}},"loc":{"start":{"line":25,"column":57},"end":{"line":26,"column":10}}},"1":{"name":"(anonymous_1)","decl":{"start":{"line":26,"column":15},"end":{"line":26,"column":16}},"loc":{"start":{"line":26,"column":20},"end":{"line":26,"column":null}}},"2":{"name":"(anonymous_2)","decl":{"start":{"line":30,"column":24},"end":{"line":30,"column":null}},"loc":{"start":{"line":31,"column":85},"end":{"line":32,"column":12}}},"3":{"name":"(anonymous_3)","decl":{"start":{"line":33,"column":9},"end":{"line":33,"column":10}},"loc":{"start":{"line":33,"column":25},"end":{"line":33,"column":null}}},"4":{"name":"(anonymous_4)","decl":{"start":{"line":46,"column":8},"end":{"line":46,"column":9}},"loc":{"start":{"line":46,"column":17},"end":{"line":46,"column":32}}},"5":{"name":"(anonymous_5)","decl":{"start":{"line":47,"column":12},"end":{"line":47,"column":13}},"loc":{"start":{"line":47,"column":22},"end":{"line":47,"column":42}}}},"branchMap":{"0":{"loc":{"start":{"line":37,"column":10},"end":{"line":37,"column":29}},"type":"binary-expr","locations":[{"start":{"line":37,"column":10},"end":{"line":37,"column":29}},{"start":{"line":37,"column":33},"end":{"line":39,"column":null}}]}},"s":{"0":0,"1":0,"2":0,"3":0,"4":0,"5":0,"6":0,"7":0,"8":0,"9":0,"10":0,"11":0,"12":0,"13":0,"14":0,"15":0,"16":0,"17":0,"18":0,"19":0},"f":{"0":0,"1":0,"2":0,"3":0,"4":0,"5":0},"b":{"0":[0,0]}}
,"/Users/sandeeppasunuri/workspace/next-apollo-demo/client/app/hooks/useCustomQuery.ts": {"path":"/Users/sandeeppasunuri/workspace/next-apollo-demo/client/app/hooks/useCustomQuery.ts","statementMap":{"0":{"start":{"line":1,"column":0},"end":{"line":1,"column":74}},"1":{"start":{"line":2,"column":0},"end":{"line":2,"column":57}},"2":{"start":{"line":5,"column":23},"end":{"line":36,"column":1}},"3":{"start":{"line":12,"column":8},"end":{"line":14,"column":null}},"4":{"start":{"line":11,"column":12},"end":{"line":11,"column":14}},"5":{"start":{"line":11,"column":21},"end":{"line":11,"column":23}},"6":{"start":{"line":11,"column":28},"end":{"line":11,"column":30}},"7":{"start":{"line":11,"column":39},"end":{"line":11,"column":41}},"8":{"start":{"line":11,"column":47},"end":{"line":11,"column":null}},"9":{"start":{"line":17,"column":4},"end":{"line":28,"column":17}},"10":{"start":{"line":18,"column":8},"end":{"line":27,"column":null}},"11":{"start":{"line":19,"column":12},"end":{"line":26,"column":15}},"12":{"start":{"line":21,"column":36},"end":{"line":24,"column":null}},"13":{"start":{"line":30,"column":21},"end":{"line":32,"column":null}},"14":{"start":{"line":31,"column":14},"end":{"line":31,"column":null}},"15":{"start":{"line":35,"column":4},"end":{"line":35,"column":44}},"16":{"start":{"line":38,"column":0},"end":{"line":38,"column":30}}},"fnMap":{"0":{"name":"(anonymous_2)","decl":{"start":{"line":5,"column":23},"end":{"line":5,"column":null}},"loc":{"start":{"line":6,"column":45},"end":{"line":36,"column":1}}},"1":{"name":"(anonymous_3)","decl":{"start":{"line":17,"column":14},"end":{"line":17,"column":null}},"loc":{"start":{"line":17,"column":14},"end":{"line":28,"column":5}}},"2":{"name":"(anonymous_4)","decl":{"start":{"line":18,"column":15},"end":{"line":18,"column":null}},"loc":{"start":{"line":18,"column":15},"end":{"line":27,"column":9}}},"3":{"name":"(anonymous_5)","decl":{"start":{"line":21,"column":27},"end":{"line":21,"column":32}},"loc":{"start":{"line":21,"column":32},"end":{"line":21,"column":null}}},"4":{"name":"(anonymous_6)","decl":{"start":{"line":31,"column":8},"end":{"line":31,"column":14}},"loc":{"start":{"line":31,"column":8},"end":{"line":31,"column":23}}}},"branchMap":{},"s":{"0":2,"1":2,"2":2,"3":3,"4":2,"5":2,"6":2,"7":2,"8":2,"9":2,"10":1,"11":1,"12":1,"13":2,"14":1,"15":2,"16":2},"f":{"0":3,"1":1,"2":1,"3":1,"4":1},"b":{}}
,"/Users/sandeeppasunuri/workspace/next-apollo-demo/client/app/lib/with-apollo.js": {"path":"/Users/sandeeppasunuri/workspace/next-apollo-demo/client/app/lib/with-apollo.js","statementMap":{"0":{"start":{"line":4,"column":21},"end":{"line":8,"column":1}}},"fnMap":{},"branchMap":{},"s":{"0":0},"f":{},"b":{}}
,"/Users/sandeeppasunuri/workspace/next-apollo-demo/client/app/queries/users/users.ts": {"path":"/Users/sandeeppasunuri/workspace/next-apollo-demo/client/app/queries/users/users.ts","statementMap":{"0":{"start":{"line":1,"column":0},"end":{"line":1,"column":37}},"1":{"start":{"line":3,"column":13},"end":{"line":19,"column":2}}},"fnMap":{},"branchMap":{"0":{"loc":{"start":{"line":3,"column":29},"end":{"line":3,"column":null}},"type":"binary-expr","locations":[{"start":{"line":3,"column":29},"end":{"line":3,"column":null}},{"start":{"line":3,"column":29},"end":{"line":19,"column":2}}]}},"s":{"0":2,"1":2},"f":{},"b":{"0":[2,2]}}
,"/Users/sandeeppasunuri/workspace/next-apollo-demo/client/app/theme/break-points.ts": {"path":"/Users/sandeeppasunuri/workspace/next-apollo-demo/client/app/theme/break-points.ts","statementMap":{"0":{"start":{"line":1,"column":0},"end":{"line":7,"column":2}}},"fnMap":{},"branchMap":{},"s":{"0":9},"f":{},"b":{}}
,"/Users/sandeeppasunuri/workspace/next-apollo-demo/client/app/theme/container-max-width.ts": {"path":"/Users/sandeeppasunuri/workspace/next-apollo-demo/client/app/theme/container-max-width.ts","statementMap":{"0":{"start":{"line":1,"column":0},"end":{"line":7,"column":2}}},"fnMap":{},"branchMap":{},"s":{"0":9},"f":{},"b":{}}
,"/Users/sandeeppasunuri/workspace/next-apollo-demo/client/app/theme/index.ts": {"path":"/Users/sandeeppasunuri/workspace/next-apollo-demo/client/app/theme/index.ts","statementMap":{"0":{"start":{"line":1,"column":0},"end":{"line":1,"column":41}},"1":{"start":{"line":2,"column":0},"end":{"line":2,"column":54}},"2":{"start":{"line":3,"column":14},"end":{"line":9,"column":2}},"3":{"start":{"line":11,"column":0},"end":{"line":11,"column":21}}},"fnMap":{},"branchMap":{},"s":{"0":9,"1":9,"2":9,"3":9},"f":{},"b":{}}
,"/Users/sandeeppasunuri/workspace/next-apollo-demo/client/pages/_app.tsx": {"path":"/Users/sandeeppasunuri/workspace/next-apollo-demo/client/pages/_app.tsx","statementMap":{"0":{"start":{"line":1,"column":0},"end":{"line":1,"column":49}},"1":{"start":{"line":2,"column":0},"end":{"line":2,"column":54}},"2":{"start":{"line":3,"column":0},"end":{"line":3,"column":40}},"3":{"start":{"line":5,"column":0},"end":{"line":5,"column":42}},"4":{"start":{"line":6,"column":0},"end":{"line":6,"column":50}},"5":{"start":{"line":7,"column":0},"end":{"line":7,"column":33}},"6":{"start":{"line":9,"column":14},"end":{"line":21,"column":1}},"7":{"start":{"line":9,"column":26},"end":{"line":9,"column":28}},"8":{"start":{"line":9,"column":37},"end":{"line":9,"column":49}},"9":{"start":{"line":10,"column":19},"end":{"line":10,"column":30}},"10":{"start":{"line":11,"column":4},"end":{"line":20,"column":6}},"11":{"start":{"line":23,"column":0},"end":{"line":23,"column":21}}},"fnMap":{"0":{"name":"(anonymous_3)","decl":{"start":{"line":9,"column":14},"end":{"line":9,"column":15}},"loc":{"start":{"line":9,"column":49},"end":{"line":21,"column":1}}}},"branchMap":{},"s":{"0":0,"1":0,"2":0,"3":0,"4":0,"5":0,"6":0,"7":0,"8":0,"9":0,"10":0,"11":0},"f":{"0":0},"b":{}}
,"/Users/sandeeppasunuri/workspace/next-apollo-demo/client/pages/_document.tsx": {"path":"/Users/sandeeppasunuri/workspace/next-apollo-demo/client/pages/_document.tsx","statementMap":{"0":{"start":{"line":1,"column":0},"end":{"line":1,"column":71}},"1":{"start":{"line":2,"column":0},"end":{"line":2,"column":50}},"2":{"start":{"line":4,"column":0},"end":{"line":4,"column":null}},"3":{"start":{"line":4,"column":25},"end":{"line":4,"column":33}},"4":{"start":{"line":5,"column":17},"end":{"line":27,"column":null}},"5":{"start":{"line":6,"column":14},"end":{"line":6,"column":45}},"6":{"start":{"line":7,"column":14},"end":{"line":7,"column":50}},"7":{"start":{"line":10,"column":12},"end":{"line":12,"column":15}},"8":{"start":{"line":10,"column":35},"end":{"line":12,"column":15}},"9":{"start":{"line":11,"column":35},"end":{"line":11,"column":null}},"10":{"start":{"line":11,"column":44},"end":{"line":11,"column":null}},"11":{"start":{"line":14,"column":33},"end":{"line":14,"column":null}},"12":{"start":{"line":14,"column":18},"end":{"line":14,"column":null}},"13":{"start":{"line":15,"column":12},"end":{"line":22,"column":null}},"14":{"start":{"line":25,"column":12},"end":{"line":25,"column":27}},"15":{"start":{"line":29,"column":4},"end":{"line":41,"column":null}},"16":{"start":{"line":30,"column":8},"end":{"line":40,"column":null}},"17":{"start":{"line":42,"column":0},"end":{"line":42,"column":null}},"18":{"start":{"line":44,"column":0},"end":{"line":44,"column":26}}},"fnMap":{"0":{"name":"(anonymous_27)","decl":{"start":{"line":4,"column":0},"end":{"line":4,"column":25}},"loc":{"start":{"line":4,"column":0},"end":{"line":42,"column":null}}},"1":{"name":"(anonymous_29)","decl":{"start":{"line":5,"column":4},"end":{"line":5,"column":17}},"loc":{"start":{"line":5,"column":36},"end":{"line":27,"column":null}}},"2":{"name":"(anonymous_32)","decl":{"start":{"line":10,"column":29},"end":{"line":10,"column":35}},"loc":{"start":{"line":10,"column":29},"end":{"line":10,"column":53}}},"3":{"name":"(anonymous_33)","decl":{"start":{"line":11,"column":28},"end":{"line":11,"column":31}},"loc":{"start":{"line":11,"column":31},"end":{"line":11,"column":40}}},"4":{"name":"(anonymous_34)","decl":{"start":{"line":11,"column":35},"end":{"line":11,"column":40}},"loc":{"start":{"line":11,"column":40},"end":{"line":11,"column":49}}},"5":{"name":"(anonymous_35)","decl":{"start":{"line":29,"column":4},"end":{"line":29,"column":10}},"loc":{"start":{"line":29,"column":4},"end":{"line":41,"column":5}}}},"branchMap":{},"s":{"0":0,"1":0,"2":0,"3":0,"4":0,"5":0,"6":0,"7":0,"8":0,"9":0,"10":0,"11":0,"12":0,"13":0,"14":0,"15":0,"16":0,"17":0,"18":0},"f":{"0":0,"1":0,"2":0,"3":0,"4":0,"5":0},"b":{}}
,"/Users/sandeeppasunuri/workspace/next-apollo-demo/client/pages/about.js": {"path":"/Users/sandeeppasunuri/workspace/next-apollo-demo/client/pages/about.js","statementMap":{"0":{"start":{"line":4,"column":2},"end":{"line":8,"column":8}}},"fnMap":{"0":{"name":"(anonymous_0)","decl":{"start":{"line":3,"column":15},"end":{"line":3,"column":16}},"loc":{"start":{"line":4,"column":2},"end":{"line":8,"column":8}},"line":4}},"branchMap":{},"s":{"0":0},"f":{"0":0},"b":{}}
,"/Users/sandeeppasunuri/workspace/next-apollo-demo/client/pages/index.js": {"path":"/Users/sandeeppasunuri/workspace/next-apollo-demo/client/pages/index.js","statementMap":{"0":{"start":{"line":4,"column":13},"end":{"line":14,"column":1}},"1":{"start":{"line":5,"column":4},"end":{"line":13,"column":10}}},"fnMap":{"0":{"name":"(anonymous_0)","decl":{"start":{"line":4,"column":13},"end":{"line":4,"column":14}},"loc":{"start":{"line":5,"column":4},"end":{"line":13,"column":10}},"line":5}},"branchMap":{},"s":{"0":0,"1":0},"f":{"0":0},"b":{}}
,"/Users/sandeeppasunuri/workspace/next-apollo-demo/client/pages/users-paginated.tsx": {"path":"/Users/sandeeppasunuri/workspace/next-apollo-demo/client/pages/users-paginated.tsx","statementMap":{"0":{"start":{"line":1,"column":0},"end":{"line":1,"column":70}},"1":{"start":{"line":2,"column":0},"end":{"line":2,"column":50}},"2":{"start":{"line":4,"column":23},"end":{"line":4,"column":null}},"3":{"start":{"line":4,"column":29},"end":{"line":8,"column":2}},"4":{"start":{"line":10,"column":0},"end":{"line":10,"column":30}}},"fnMap":{"0":{"name":"(anonymous_0)","decl":{"start":{"line":4,"column":23},"end":{"line":4,"column":29}},"loc":{"start":{"line":4,"column":23},"end":{"line":4,"column":null}}}},"branchMap":{},"s":{"0":0,"1":0,"2":0,"3":0,"4":0},"f":{"0":0},"b":{}}
,"/Users/sandeeppasunuri/workspace/next-apollo-demo/client/pages/users.tsx": {"path":"/Users/sandeeppasunuri/workspace/next-apollo-demo/client/pages/users.tsx","statementMap":{"0":{"start":{"line":1,"column":0},"end":{"line":1,"column":42}},"1":{"start":{"line":2,"column":0},"end":{"line":2,"column":65}},"2":{"start":{"line":4,"column":0},"end":{"line":4,"column":61}},"3":{"start":{"line":5,"column":0},"end":{"line":5,"column":48}},"4":{"start":{"line":7,"column":14},"end":{"line":7,"column":null}},"5":{"start":{"line":7,"column":22},"end":{"line":7,"column":40}},"6":{"start":{"line":7,"column":45},"end":{"line":11,"column":2}},"7":{"start":{"line":13,"column":30},"end":{"line":20,"column":2}},"8":{"start":{"line":14,"column":21},"end":{"line":14,"column":null}},"9":{"start":{"line":14,"column":12},"end":{"line":14,"column":21}},"10":{"start":{"line":15,"column":4},"end":{"line":19,"column":null}},"11":{"start":{"line":13,"column":13},"end":{"line":13,"column":30}},"12":{"start":{"line":22,"column":0},"end":{"line":22,"column":21}}},"fnMap":{"0":{"name":"(anonymous_14)","decl":{"start":{"line":7,"column":14},"end":{"line":7,"column":15}},"loc":{"start":{"line":7,"column":40},"end":{"line":7,"column":null}}},"1":{"name":"(anonymous_15)","decl":{"start":{"line":13,"column":30},"end":{"line":13,"column":null}},"loc":{"start":{"line":13,"column":30},"end":{"line":20,"column":2}}}},"branchMap":{"0":{"loc":{"start":{"line":14,"column":21},"end":{"line":14,"column":null}},"type":"switch","locations":[{"start":{"line":14,"column":21},"end":{"line":14,"column":null}}]}},"s":{"0":0,"1":0,"2":0,"3":0,"4":0,"5":0,"6":0,"7":0,"8":0,"9":0,"10":0,"11":0,"12":0},"f":{"0":0,"1":0},"b":{"0":[0]}}
}
